---------------------------------------------------------------
[ 2018-08-25T20:21:04+08:00 ] 127.0.0.1 GET tpblog.local.cn/
[运行时间：0.122324s] [吞吐率：8.18req/s] [内存消耗：3,820.62kb] [文件加载：76]
[ info ] [ LANG ] D:\wamp64\www\tpblog\thinkphp\lang\zh-cn.php
[ info ] [ ROUTE ] array (
  'rule' => '',
  'route' => 'frontend/Index/index',
  'option' => 
  array (
    'merge_rule_regex' => false,
    'complete_match' => true,
  ),
  'var' => 
  array (
  ),
)
[ info ] [ HEADER ] array (
  'host' => 'tpblog.local.cn',
  'connection' => 'keep-alive',
  'cache-control' => 'max-age=0',
  'upgrade-insecure-requests' => '1',
  'user-agent' => 'Mozilla/5.0 (Windows NT 10.0; WOW64) AppleWebKit/537.36 (KHTML, like Gecko) Chrome/67.0.3396.99 Safari/537.36',
  'accept' => 'text/html,application/xhtml+xml,application/xml;q=0.9,image/webp,image/apng,*/*;q=0.8',
  'accept-encoding' => 'gzip, deflate',
  'accept-language' => 'zh-CN,zh;q=0.9',
  'cookie' => 'pgv_pvi=85129216; YPF8827340282Jdskjhfiw_928937459182JAX666=68.168.130.131; uid=tpblog5b768b195954d5.65356607; PHPSESSID=7a4h11pob8vh2pso97jbjna7r5',
)
[ info ] [ PARAM ] array (
)
[ info ] [ DB ] INIT mysql
[ error ] [1049]SQLSTATE[HY000] [1049] Unknown database 'blog'[D:\wamp64\www\tpblog\thinkphp\library\think\db\Connection.php:526]
---------------------------------------------------------------
[ 2018-08-25T20:22:09+08:00 ] 127.0.0.1 GET tpblog.local.cn/
[运行时间：0.169154s] [吞吐率：5.91req/s] [内存消耗：4,326.12kb] [文件加载：85]
[ info ] [ LANG ] D:\wamp64\www\tpblog\thinkphp\lang\zh-cn.php
[ info ] [ ROUTE ] array (
  'rule' => '',
  'route' => 'frontend/Index/index',
  'option' => 
  array (
    'merge_rule_regex' => false,
    'complete_match' => true,
  ),
  'var' => 
  array (
  ),
)
[ info ] [ HEADER ] array (
  'host' => 'tpblog.local.cn',
  'connection' => 'keep-alive',
  'cache-control' => 'max-age=0',
  'upgrade-insecure-requests' => '1',
  'user-agent' => 'Mozilla/5.0 (Windows NT 10.0; WOW64) AppleWebKit/537.36 (KHTML, like Gecko) Chrome/67.0.3396.99 Safari/537.36',
  'accept' => 'text/html,application/xhtml+xml,application/xml;q=0.9,image/webp,image/apng,*/*;q=0.8',
  'accept-encoding' => 'gzip, deflate',
  'accept-language' => 'zh-CN,zh;q=0.9',
  'cookie' => 'pgv_pvi=85129216; YPF8827340282Jdskjhfiw_928937459182JAX666=68.168.130.131; uid=tpblog5b768b195954d5.65356607; PHPSESSID=7a4h11pob8vh2pso97jbjna7r5',
)
[ info ] [ PARAM ] array (
)
[ info ] [ DB ] INIT mysql
[ info ] [ VIEW ] D:\wamp64\www\tpblog\application\frontend\view\index\homepage.tpl [ array (
  0 => 'articles',
  1 => 'tags',
) ]
[ sql ] [ DB ] CONNECT:[ UseTime:0.009755s ] mysql:host=127.0.0.1;dbname=test;charset=utf8
[ sql ] [ SQL ] SHOW COLUMNS FROM `blog_articles` [ RunTime:0.012807s ]
[ sql ] [ SQL ] SELECT * FROM `blog_articles` ORDER BY `id` DESC LIMIT 5 [ RunTime:0.000605s ]
[ sql ] [ SQL ] SHOW COLUMNS FROM `blog_tags` [ RunTime:0.001215s ]
[ sql ] [ SQL ] SELECT * FROM `blog_tags` ORDER BY `id` DESC [ RunTime:0.000438s ]
[ sql ] [ SQL ] SHOW COLUMNS FROM `blog_users` [ RunTime:0.001412s ]
[ sql ] [ SQL ] SELECT * FROM `blog_users` WHERE  `id` = 2 LIMIT 1 [ RunTime:0.000815s ]
[ sql ] [ SQL ] SELECT * FROM `blog_users` WHERE  `id` = 2 LIMIT 1 [ RunTime:0.000583s ]
[ sql ] [ SQL ] SELECT * FROM `blog_users` WHERE  `id` = 2 LIMIT 1 [ RunTime:0.000628s ]
---------------------------------------------------------------
[ 2018-08-25T20:22:09+08:00 ] 127.0.0.1 GET tpblog.local.cn/ajax/categories
[运行时间：0.141416s] [吞吐率：7.07req/s] [内存消耗：4,081.73kb] [文件加载：79]
[ info ] [ LANG ] D:\wamp64\www\tpblog\thinkphp\lang\zh-cn.php
[ info ] [ ROUTE ] array (
  'rule' => 'ajax/categories',
  'route' => 'frontend/Article/categoryList',
  'option' => 
  array (
    'merge_rule_regex' => false,
    'complete_match' => true,
  ),
  'var' => 
  array (
  ),
)
[ info ] [ HEADER ] array (
  'host' => 'tpblog.local.cn',
  'connection' => 'keep-alive',
  'accept' => '*/*',
  'x-requested-with' => 'XMLHttpRequest',
  'user-agent' => 'Mozilla/5.0 (Windows NT 10.0; WOW64) AppleWebKit/537.36 (KHTML, like Gecko) Chrome/67.0.3396.99 Safari/537.36',
  'referer' => 'http://tpblog.local.cn/',
  'accept-encoding' => 'gzip, deflate',
  'accept-language' => 'zh-CN,zh;q=0.9',
  'cookie' => 'pgv_pvi=85129216; YPF8827340282Jdskjhfiw_928937459182JAX666=68.168.130.131; uid=tpblog5b768b195954d5.65356607; PHPSESSID=7a4h11pob8vh2pso97jbjna7r5',
)
[ info ] [ PARAM ] array (
)
[ info ] [ DB ] INIT mysql
[ info ] [ VIEW ] D:\wamp64\www\tpblog\application\frontend\view\article\ajax\category_list.tpl [ array (
  0 => 'categorys',
) ]
[ sql ] [ DB ] CONNECT:[ UseTime:0.001744s ] mysql:host=127.0.0.1;dbname=test;charset=utf8
[ sql ] [ SQL ] SHOW COLUMNS FROM `blog_users` [ RunTime:0.001772s ]
[ sql ] [ SQL ] SELECT * FROM `blog_users` WHERE  `id` = 0 LIMIT 1 [ RunTime:0.000500s ]
[ sql ] [ SQL ] SHOW COLUMNS FROM `blog_categories` [ RunTime:0.001093s ]
[ sql ] [ SQL ] SELECT * FROM `blog_categories` WHERE  `article_num` > 0 ORDER BY `id` DESC [ RunTime:0.000475s ]
---------------------------------------------------------------
[ 2018-08-25T20:22:09+08:00 ] 127.0.0.1 GET tpblog.local.cn/ajax/tags
[运行时间：0.150924s] [吞吐率：6.63req/s] [内存消耗：4,153.65kb] [文件加载：80]
[ info ] [ LANG ] D:\wamp64\www\tpblog\thinkphp\lang\zh-cn.php
[ info ] [ ROUTE ] array (
  'rule' => 'ajax/tags',
  'route' => 'frontend/Article/tagList',
  'option' => 
  array (
    'merge_rule_regex' => false,
    'complete_match' => true,
  ),
  'var' => 
  array (
  ),
)
[ info ] [ HEADER ] array (
  'host' => 'tpblog.local.cn',
  'connection' => 'keep-alive',
  'accept' => '*/*',
  'x-requested-with' => 'XMLHttpRequest',
  'user-agent' => 'Mozilla/5.0 (Windows NT 10.0; WOW64) AppleWebKit/537.36 (KHTML, like Gecko) Chrome/67.0.3396.99 Safari/537.36',
  'referer' => 'http://tpblog.local.cn/',
  'accept-encoding' => 'gzip, deflate',
  'accept-language' => 'zh-CN,zh;q=0.9',
  'cookie' => 'pgv_pvi=85129216; YPF8827340282Jdskjhfiw_928937459182JAX666=68.168.130.131; uid=tpblog5b768b195954d5.65356607; PHPSESSID=7a4h11pob8vh2pso97jbjna7r5',
)
[ info ] [ PARAM ] array (
)
[ info ] [ DB ] INIT mysql
[ info ] [ VIEW ] D:\wamp64\www\tpblog\application\frontend\view\article\ajax\tag_list.tpl [ array (
  0 => 'tags',
) ]
[ sql ] [ DB ] CONNECT:[ UseTime:0.001888s ] mysql:host=127.0.0.1;dbname=test;charset=utf8
[ sql ] [ SQL ] SHOW COLUMNS FROM `blog_tags` [ RunTime:0.001720s ]
[ sql ] [ SQL ] SELECT * FROM `blog_tags` ORDER BY `id` DESC [ RunTime:0.000835s ]
---------------------------------------------------------------
[ 2018-08-25T20:22:12+08:00 ] 127.0.0.1 GET tpblog.local.cn/articles/3/show
[运行时间：0.164307s] [吞吐率：6.09req/s] [内存消耗：4,313.66kb] [文件加载：87]
[ info ] [ LANG ] D:\wamp64\www\tpblog\thinkphp\lang\zh-cn.php
[ info ] [ ROUTE ] array (
  'rule' => 'articles/<id>/show',
  'route' => 'frontend/Article/detail',
  'option' => 
  array (
    'merge_rule_regex' => false,
    'complete_match' => true,
  ),
  'var' => 
  array (
    'id' => '3',
  ),
)
[ info ] [ HEADER ] array (
  'host' => 'tpblog.local.cn',
  'connection' => 'keep-alive',
  'upgrade-insecure-requests' => '1',
  'user-agent' => 'Mozilla/5.0 (Windows NT 10.0; WOW64) AppleWebKit/537.36 (KHTML, like Gecko) Chrome/67.0.3396.99 Safari/537.36',
  'accept' => 'text/html,application/xhtml+xml,application/xml;q=0.9,image/webp,image/apng,*/*;q=0.8',
  'referer' => 'http://tpblog.local.cn/',
  'accept-encoding' => 'gzip, deflate',
  'accept-language' => 'zh-CN,zh;q=0.9',
  'cookie' => 'pgv_pvi=85129216; YPF8827340282Jdskjhfiw_928937459182JAX666=68.168.130.131; uid=tpblog5b768b195954d5.65356607; PHPSESSID=7a4h11pob8vh2pso97jbjna7r5',
)
[ info ] [ PARAM ] array (
  'id' => '3',
)
[ info ] [ DB ] INIT mysql
[ info ] [ VIEW ] D:\wamp64\www\tpblog\application\frontend\view\article\detail.tpl [ array (
  0 => 'article',
) ]
[ sql ] [ DB ] CONNECT:[ UseTime:0.001808s ] mysql:host=127.0.0.1;dbname=test;charset=utf8
[ sql ] [ SQL ] SHOW COLUMNS FROM `blog_articles` [ RunTime:0.003154s ]
[ sql ] [ SQL ] SELECT * FROM `blog_articles` WHERE  `id` = 3 LIMIT 1 [ RunTime:0.000676s ]
[ sql ] [ SQL ] UPDATE `blog_articles`  SET `views` = 5  WHERE  `id` = 3 [ RunTime:0.000509s ]
[ sql ] [ SQL ] SHOW COLUMNS FROM `blog_categories` [ RunTime:0.001196s ]
[ sql ] [ SQL ] SELECT * FROM `blog_categories` WHERE  `id` = 5 LIMIT 1 [ RunTime:0.000515s ]
[ error ] [8]Trying to get property of non-object[D:\wamp64\www\tpblog\runtime\temp\24ce3aa7efa558f69808ef64a3dd3a2b.php:89]
---------------------------------------------------------------
[ 2018-08-25T20:22:14+08:00 ] 127.0.0.1 GET tpblog.local.cn/
[运行时间：0.176416s] [吞吐率：5.67req/s] [内存消耗：4,132.09kb] [文件加载：83]
[ info ] [ LANG ] D:\wamp64\www\tpblog\thinkphp\lang\zh-cn.php
[ info ] [ ROUTE ] array (
  'rule' => '',
  'route' => 'frontend/Index/index',
  'option' => 
  array (
    'merge_rule_regex' => false,
    'complete_match' => true,
  ),
  'var' => 
  array (
  ),
)
[ info ] [ HEADER ] array (
  'host' => 'tpblog.local.cn',
  'connection' => 'keep-alive',
  'upgrade-insecure-requests' => '1',
  'user-agent' => 'Mozilla/5.0 (Windows NT 10.0; WOW64) AppleWebKit/537.36 (KHTML, like Gecko) Chrome/67.0.3396.99 Safari/537.36',
  'accept' => 'text/html,application/xhtml+xml,application/xml;q=0.9,image/webp,image/apng,*/*;q=0.8',
  'accept-encoding' => 'gzip, deflate',
  'accept-language' => 'zh-CN,zh;q=0.9',
  'cookie' => 'pgv_pvi=85129216; YPF8827340282Jdskjhfiw_928937459182JAX666=68.168.130.131; uid=tpblog5b768b195954d5.65356607; PHPSESSID=7a4h11pob8vh2pso97jbjna7r5',
)
[ info ] [ PARAM ] array (
)
[ info ] [ DB ] INIT mysql
[ info ] [ VIEW ] D:\wamp64\www\tpblog\application\frontend\view\index\homepage.tpl [ array (
  0 => 'articles',
  1 => 'tags',
) ]
[ sql ] [ DB ] CONNECT:[ UseTime:0.001876s ] mysql:host=127.0.0.1;dbname=test;charset=utf8
[ sql ] [ SQL ] SHOW COLUMNS FROM `blog_articles` [ RunTime:0.003503s ]
[ sql ] [ SQL ] SELECT * FROM `blog_articles` ORDER BY `id` DESC LIMIT 5 [ RunTime:0.000973s ]
[ sql ] [ SQL ] SHOW COLUMNS FROM `blog_tags` [ RunTime:0.001634s ]
[ sql ] [ SQL ] SELECT * FROM `blog_tags` ORDER BY `id` DESC [ RunTime:0.000812s ]
[ sql ] [ SQL ] SHOW COLUMNS FROM `blog_users` [ RunTime:0.001285s ]
[ sql ] [ SQL ] SELECT * FROM `blog_users` WHERE  `id` = 2 LIMIT 1 [ RunTime:0.000633s ]
[ sql ] [ SQL ] SELECT * FROM `blog_users` WHERE  `id` = 2 LIMIT 1 [ RunTime:0.000680s ]
[ sql ] [ SQL ] SELECT * FROM `blog_users` WHERE  `id` = 2 LIMIT 1 [ RunTime:0.000899s ]
---------------------------------------------------------------
[ 2018-08-25T20:22:16+08:00 ] 127.0.0.1 GET tpblog.local.cn/articles/4/show
[运行时间：0.178414s] [吞吐率：5.60req/s] [内存消耗：4,114.45kb] [文件加载：85]
[ info ] [ LANG ] D:\wamp64\www\tpblog\thinkphp\lang\zh-cn.php
[ info ] [ ROUTE ] array (
  'rule' => 'articles/<id>/show',
  'route' => 'frontend/Article/detail',
  'option' => 
  array (
    'merge_rule_regex' => false,
    'complete_match' => true,
  ),
  'var' => 
  array (
    'id' => '4',
  ),
)
[ info ] [ HEADER ] array (
  'host' => 'tpblog.local.cn',
  'connection' => 'keep-alive',
  'upgrade-insecure-requests' => '1',
  'user-agent' => 'Mozilla/5.0 (Windows NT 10.0; WOW64) AppleWebKit/537.36 (KHTML, like Gecko) Chrome/67.0.3396.99 Safari/537.36',
  'accept' => 'text/html,application/xhtml+xml,application/xml;q=0.9,image/webp,image/apng,*/*;q=0.8',
  'referer' => 'http://tpblog.local.cn/',
  'accept-encoding' => 'gzip, deflate',
  'accept-language' => 'zh-CN,zh;q=0.9',
  'cookie' => 'pgv_pvi=85129216; YPF8827340282Jdskjhfiw_928937459182JAX666=68.168.130.131; uid=tpblog5b768b195954d5.65356607; PHPSESSID=7a4h11pob8vh2pso97jbjna7r5',
)
[ info ] [ PARAM ] array (
  'id' => '4',
)
[ info ] [ DB ] INIT mysql
[ info ] [ VIEW ] D:\wamp64\www\tpblog\application\frontend\view\article\detail.tpl [ array (
  0 => 'article',
) ]
[ sql ] [ DB ] CONNECT:[ UseTime:0.003724s ] mysql:host=127.0.0.1;dbname=test;charset=utf8
[ sql ] [ SQL ] SHOW COLUMNS FROM `blog_articles` [ RunTime:0.002202s ]
[ sql ] [ SQL ] SELECT * FROM `blog_articles` WHERE  `id` = 4 LIMIT 1 [ RunTime:0.000530s ]
[ sql ] [ SQL ] UPDATE `blog_articles`  SET `views` = 5  WHERE  `id` = 4 [ RunTime:0.000642s ]
[ sql ] [ SQL ] SHOW COLUMNS FROM `blog_categories` [ RunTime:0.004968s ]
[ sql ] [ SQL ] SELECT * FROM `blog_categories` WHERE  `id` = 6 LIMIT 1 [ RunTime:0.001433s ]
[ error ] [8]Trying to get property of non-object[D:\wamp64\www\tpblog\runtime\temp\24ce3aa7efa558f69808ef64a3dd3a2b.php:89]
---------------------------------------------------------------
[ 2018-08-25T20:22:30+08:00 ] 127.0.0.1 GET tpblog.local.cn/
[运行时间：0.171066s] [吞吐率：5.85req/s] [内存消耗：4,132.09kb] [文件加载：83]
[ info ] [ LANG ] D:\wamp64\www\tpblog\thinkphp\lang\zh-cn.php
[ info ] [ ROUTE ] array (
  'rule' => '',
  'route' => 'frontend/Index/index',
  'option' => 
  array (
    'merge_rule_regex' => false,
    'complete_match' => true,
  ),
  'var' => 
  array (
  ),
)
[ info ] [ HEADER ] array (
  'host' => 'tpblog.local.cn',
  'connection' => 'keep-alive',
  'upgrade-insecure-requests' => '1',
  'user-agent' => 'Mozilla/5.0 (Windows NT 10.0; WOW64) AppleWebKit/537.36 (KHTML, like Gecko) Chrome/67.0.3396.99 Safari/537.36',
  'accept' => 'text/html,application/xhtml+xml,application/xml;q=0.9,image/webp,image/apng,*/*;q=0.8',
  'accept-encoding' => 'gzip, deflate',
  'accept-language' => 'zh-CN,zh;q=0.9',
  'cookie' => 'pgv_pvi=85129216; YPF8827340282Jdskjhfiw_928937459182JAX666=68.168.130.131; uid=tpblog5b768b195954d5.65356607; PHPSESSID=7a4h11pob8vh2pso97jbjna7r5',
)
[ info ] [ PARAM ] array (
)
[ info ] [ DB ] INIT mysql
[ info ] [ VIEW ] D:\wamp64\www\tpblog\application\frontend\view\index\homepage.tpl [ array (
  0 => 'articles',
  1 => 'tags',
) ]
[ sql ] [ DB ] CONNECT:[ UseTime:0.002011s ] mysql:host=127.0.0.1;dbname=test;charset=utf8
[ sql ] [ SQL ] SHOW COLUMNS FROM `blog_articles` [ RunTime:0.021306s ]
[ sql ] [ SQL ] SELECT * FROM `blog_articles` ORDER BY `id` DESC LIMIT 5 [ RunTime:0.000682s ]
[ sql ] [ SQL ] SHOW COLUMNS FROM `blog_tags` [ RunTime:0.001358s ]
[ sql ] [ SQL ] SELECT * FROM `blog_tags` ORDER BY `id` DESC [ RunTime:0.000916s ]
[ sql ] [ SQL ] SHOW COLUMNS FROM `blog_users` [ RunTime:0.002176s ]
[ sql ] [ SQL ] SELECT * FROM `blog_users` WHERE  `id` = 2 LIMIT 1 [ RunTime:0.001049s ]
[ sql ] [ SQL ] SELECT * FROM `blog_users` WHERE  `id` = 2 LIMIT 1 [ RunTime:0.001106s ]
[ sql ] [ SQL ] SELECT * FROM `blog_users` WHERE  `id` = 2 LIMIT 1 [ RunTime:0.001512s ]
